{"$message_type":"diagnostic","message":"cannot find value `_input` in this scope","code":{"code":"E0425","explanation":"An unresolved name was used.\n\nErroneous code examples:\n\n```compile_fail,E0425\nsomething_that_doesnt_exist::foo;\n// error: unresolved name `something_that_doesnt_exist::foo`\n\n// or:\n\ntrait Foo {\n    fn bar() {\n        Self; // error: unresolved name `Self`\n    }\n}\n\n// or:\n\nlet x = unknown_variable;  // error: unresolved name `unknown_variable`\n```\n\nPlease verify that the name wasn't misspelled and ensure that the\nidentifier being referred to is valid for the given situation. Example:\n\n```\nenum something_that_does_exist {\n    Foo,\n}\n```\n\nOr:\n\n```\nmod something_that_does_exist {\n    pub static foo : i32 = 0i32;\n}\n\nsomething_that_does_exist::foo; // ok!\n```\n\nOr:\n\n```\nlet unknown_variable = 12u32;\nlet x = unknown_variable; // ok!\n```\n\nIf the item is not defined in the current module, it must be imported using a\n`use` statement, like so:\n\n```\n# mod foo { pub fn bar() {} }\n# fn main() {\nuse foo::bar;\nbar();\n# }\n```\n\nIf the item you are importing is not defined in some super-module of the\ncurrent module, then it must also be declared as public (e.g., `pub fn`).\n"},"level":"error","spans":[{"file_name":"src\\main.rs","byte_start":723,"byte_end":729,"line_start":27,"line_end":27,"column_start":73,"column_end":79,"is_primary":true,"text":[{"text":"    let _tokens : Vec<Lexer::Token::Token> = Lexer::Tokeniser::tokenise(_input);","highlight_start":73,"highlight_end":79}],"label":null,"suggested_replacement":null,"suggestion_applicability":null,"expansion":null}],"children":[{"message":"a local variable with a similar name exists","code":null,"level":"help","spans":[{"file_name":"src\\main.rs","byte_start":723,"byte_end":729,"line_start":27,"line_end":27,"column_start":73,"column_end":79,"is_primary":true,"text":[{"text":"    let _tokens : Vec<Lexer::Token::Token> = Lexer::Tokeniser::tokenise(_input);","highlight_start":73,"highlight_end":79}],"label":null,"suggested_replacement":"input","suggestion_applicability":"MaybeIncorrect","expansion":null}],"children":[],"rendered":null}],"rendered":"\u001b[1m\u001b[91merror[E0425]\u001b[0m\u001b[1m\u001b[97m: cannot find value `_input` in this scope\u001b[0m\n  \u001b[1m\u001b[96m--> \u001b[0msrc\\main.rs:27:73\n   \u001b[1m\u001b[96m|\u001b[0m\n\u001b[1m\u001b[96m27\u001b[0m \u001b[1m\u001b[96m|\u001b[0m     let _tokens : Vec<Lexer::Token::Token> = Lexer::Tokeniser::tokenise(_input);\n   \u001b[1m\u001b[96m|\u001b[0m                                                                         \u001b[1m\u001b[91m^^^^^^\u001b[0m \u001b[1m\u001b[91mhelp: a local variable with a similar name exists: `input`\u001b[0m\n\n"}
{"$message_type":"diagnostic","message":"unused import: `crate::Core::Strings`","code":{"code":"unused_imports","explanation":null},"level":"warning","spans":[{"file_name":"src\\Lexer\\Tokeniser.rs","byte_start":4,"byte_end":24,"line_start":1,"line_end":1,"column_start":5,"column_end":25,"is_primary":true,"text":[{"text":"use crate::Core::Strings;","highlight_start":5,"highlight_end":25}],"label":null,"suggested_replacement":null,"suggestion_applicability":null,"expansion":null}],"children":[{"message":"`#[warn(unused_imports)]` (part of `#[warn(unused)]`) on by default","code":null,"level":"note","spans":[],"children":[],"rendered":null},{"message":"remove the whole `use` item","code":null,"level":"help","spans":[{"file_name":"src\\Lexer\\Tokeniser.rs","byte_start":0,"byte_end":27,"line_start":1,"line_end":2,"column_start":1,"column_end":1,"is_primary":true,"text":[{"text":"use crate::Core::Strings;","highlight_start":1,"highlight_end":26},{"text":"use crate::Lexer::Token::Token;","highlight_start":1,"highlight_end":1}],"label":null,"suggested_replacement":"","suggestion_applicability":"MachineApplicable","expansion":null}],"children":[],"rendered":null}],"rendered":"\u001b[1m\u001b[93mwarning\u001b[0m\u001b[1m\u001b[97m: unused import: `crate::Core::Strings`\u001b[0m\n \u001b[1m\u001b[96m--> \u001b[0msrc\\Lexer\\Tokeniser.rs:1:5\n  \u001b[1m\u001b[96m|\u001b[0m\n\u001b[1m\u001b[96m1\u001b[0m \u001b[1m\u001b[96m|\u001b[0m use crate::Core::Strings;\n  \u001b[1m\u001b[96m|\u001b[0m     \u001b[1m\u001b[93m^^^^^^^^^^^^^^^^^^^^\u001b[0m\n  \u001b[1m\u001b[96m|\u001b[0m\n  \u001b[1m\u001b[96m= \u001b[0m\u001b[1m\u001b[97mnote\u001b[0m: `#[warn(unused_imports)]` (part of `#[warn(unused)]`) on by default\n\n"}
{"$message_type":"diagnostic","message":"unused import: `std::fs::read_to_string`","code":{"code":"unused_imports","explanation":null},"level":"warning","spans":[{"file_name":"src\\Lexer\\Tokeniser.rs","byte_start":66,"byte_end":89,"line_start":4,"line_end":4,"column_start":5,"column_end":28,"is_primary":true,"text":[{"text":"use std::fs::read_to_string;","highlight_start":5,"highlight_end":28}],"label":null,"suggested_replacement":null,"suggestion_applicability":null,"expansion":null}],"children":[{"message":"remove the whole `use` item","code":null,"level":"help","spans":[{"file_name":"src\\Lexer\\Tokeniser.rs","byte_start":62,"byte_end":92,"line_start":4,"line_end":5,"column_start":1,"column_end":1,"is_primary":true,"text":[{"text":"use std::fs::read_to_string;","highlight_start":1,"highlight_end":29},{"text":"","highlight_start":1,"highlight_end":1}],"label":null,"suggested_replacement":"","suggestion_applicability":"MachineApplicable","expansion":null}],"children":[],"rendered":null}],"rendered":"\u001b[1m\u001b[93mwarning\u001b[0m\u001b[1m\u001b[97m: unused import: `std::fs::read_to_string`\u001b[0m\n \u001b[1m\u001b[96m--> \u001b[0msrc\\Lexer\\Tokeniser.rs:4:5\n  \u001b[1m\u001b[96m|\u001b[0m\n\u001b[1m\u001b[96m4\u001b[0m \u001b[1m\u001b[96m|\u001b[0m use std::fs::read_to_string;\n  \u001b[1m\u001b[96m|\u001b[0m     \u001b[1m\u001b[93m^^^^^^^^^^^^^^^^^^^^^^^\u001b[0m\n\n"}
{"$message_type":"diagnostic","message":"the trait bound `Result<File, std::io::Error>: std::io::Read` is not satisfied","code":{"code":"E0277","explanation":"You tried to use a type which doesn't implement some trait in a place which\nexpected that trait.\n\nErroneous code example:\n\n```compile_fail,E0277\n// here we declare the Foo trait with a bar method\ntrait Foo {\n    fn bar(&self);\n}\n\n// we now declare a function which takes an object implementing the Foo trait\nfn some_func<T: Foo>(foo: T) {\n    foo.bar();\n}\n\nfn main() {\n    // we now call the method with the i32 type, which doesn't implement\n    // the Foo trait\n    some_func(5i32); // error: the trait bound `i32 : Foo` is not satisfied\n}\n```\n\nIn order to fix this error, verify that the type you're using does implement\nthe trait. Example:\n\n```\ntrait Foo {\n    fn bar(&self);\n}\n\n// we implement the trait on the i32 type\nimpl Foo for i32 {\n    fn bar(&self) {}\n}\n\nfn some_func<T: Foo>(foo: T) {\n    foo.bar(); // we can now use this method since i32 implements the\n               // Foo trait\n}\n\nfn main() {\n    some_func(5i32); // ok!\n}\n```\n\nOr in a generic context, an erroneous code example would look like:\n\n```compile_fail,E0277\nfn some_func<T>(foo: T) {\n    println!(\"{:?}\", foo); // error: the trait `core::fmt::Debug` is not\n                           //        implemented for the type `T`\n}\n\nfn main() {\n    // We now call the method with the i32 type,\n    // which *does* implement the Debug trait.\n    some_func(5i32);\n}\n```\n\nNote that the error here is in the definition of the generic function. Although\nwe only call it with a parameter that does implement `Debug`, the compiler\nstill rejects the function. It must work with all possible input types. In\norder to make this example compile, we need to restrict the generic type we're\naccepting:\n\n```\nuse std::fmt;\n\n// Restrict the input type to types that implement Debug.\nfn some_func<T: fmt::Debug>(foo: T) {\n    println!(\"{:?}\", foo);\n}\n\nfn main() {\n    // Calling the method is still fine, as i32 implements Debug.\n    some_func(5i32);\n\n    // This would fail to compile now:\n    // struct WithoutDebug;\n    // some_func(WithoutDebug);\n}\n```\n\nRust only looks at the signature of the called function, as such it must\nalready specify all requirements that will be used for every type parameter.\n"},"level":"error","spans":[{"file_name":"src\\main.rs","byte_start":460,"byte_end":486,"line_start":23,"line_end":23,"column_start":37,"column_end":63,"is_primary":true,"text":[{"text":"    let reader = io::BufReader::new(fs::File::open(&_filePath));","highlight_start":37,"highlight_end":63}],"label":"the trait `std::io::Read` is not implemented for `Result<File, std::io::Error>`","suggested_replacement":null,"suggestion_applicability":null,"expansion":null},{"file_name":"src\\main.rs","byte_start":441,"byte_end":459,"line_start":23,"line_end":23,"column_start":18,"column_end":36,"is_primary":false,"text":[{"text":"    let reader = io::BufReader::new(fs::File::open(&_filePath));","highlight_start":18,"highlight_end":36}],"label":"required by a bound introduced by this call","suggested_replacement":null,"suggestion_applicability":null,"expansion":null}],"children":[{"message":"required by a bound in `BufReader::<R>::new`","code":null,"level":"note","spans":[{"file_name":"C:\\Users\\jacob\\.rustup\\toolchains\\stable-x86_64-pc-windows-msvc\\lib/rustlib/src/rust\\library\\std\\src\\io\\buffered\\bufreader.rs","byte_start":2427,"byte_end":2430,"line_start":73,"line_end":73,"column_start":12,"column_end":15,"is_primary":false,"text":[{"text":"    pub fn new(inner: R) -> BufReader<R> {","highlight_start":12,"highlight_end":15}],"label":"required by a bound in this associated function","suggested_replacement":null,"suggestion_applicability":null,"expansion":null},{"file_name":"C:\\Users\\jacob\\.rustup\\toolchains\\stable-x86_64-pc-windows-msvc\\lib/rustlib/src/rust\\library\\std\\src\\io\\buffered\\bufreader.rs","byte_start":1914,"byte_end":1918,"line_start":56,"line_end":56,"column_start":9,"column_end":13,"is_primary":true,"text":[{"text":"impl<R: Read> BufReader<R> {","highlight_start":9,"highlight_end":13}],"label":"required by this bound in `BufReader::<R>::new`","suggested_replacement":null,"suggestion_applicability":null,"expansion":null}],"children":[],"rendered":null}],"rendered":"\u001b[1m\u001b[91merror[E0277]\u001b[0m\u001b[1m\u001b[97m: the trait bound `Result<File, std::io::Error>: std::io::Read` is not satisfied\u001b[0m\n  \u001b[1m\u001b[96m--> \u001b[0msrc\\main.rs:23:37\n   \u001b[1m\u001b[96m|\u001b[0m\n\u001b[1m\u001b[96m23\u001b[0m \u001b[1m\u001b[96m|\u001b[0m     let reader = io::BufReader::new(fs::File::open(&_filePath));\n   \u001b[1m\u001b[96m|\u001b[0m                  \u001b[1m\u001b[96m------------------\u001b[0m \u001b[1m\u001b[91m^^^^^^^^^^^^^^^^^^^^^^^^^^\u001b[0m \u001b[1m\u001b[91mthe trait `std::io::Read` is not implemented for `Result<File, std::io::Error>`\u001b[0m\n   \u001b[1m\u001b[96m|\u001b[0m                  \u001b[1m\u001b[96m|\u001b[0m\n   \u001b[1m\u001b[96m|\u001b[0m                  \u001b[1m\u001b[96mrequired by a bound introduced by this call\u001b[0m\n   \u001b[1m\u001b[96m|\u001b[0m\n\u001b[1m\u001b[92mnote\u001b[0m: required by a bound in `BufReader::<R>::new`\n  \u001b[1m\u001b[96m--> \u001b[0mC:\\Users\\jacob\\.rustup\\toolchains\\stable-x86_64-pc-windows-msvc\\lib/rustlib/src/rust\\library\\std\\src\\io\\buffered\\bufreader.rs:56:9\n   \u001b[1m\u001b[96m|\u001b[0m\n\u001b[1m\u001b[96m56\u001b[0m \u001b[1m\u001b[96m|\u001b[0m impl<R: Read> BufReader<R> {\n   \u001b[1m\u001b[96m|\u001b[0m         \u001b[1m\u001b[92m^^^^\u001b[0m \u001b[1m\u001b[92mrequired by this bound in `BufReader::<R>::new`\u001b[0m\n\u001b[1m\u001b[96m...\u001b[0m\n\u001b[1m\u001b[96m73\u001b[0m \u001b[1m\u001b[96m|\u001b[0m     pub fn new(inner: R) -> BufReader<R> {\n   \u001b[1m\u001b[96m|\u001b[0m            \u001b[1m\u001b[96m---\u001b[0m \u001b[1m\u001b[96mrequired by a bound in this associated function\u001b[0m\n\n"}
{"$message_type":"diagnostic","message":"no method named `read_line` found for struct `StdinLock<'a>` in the current scope","code":{"code":"E0599","explanation":"This error occurs when a method is used on a type which doesn't implement it:\n\nErroneous code example:\n\n```compile_fail,E0599\nstruct Mouth;\n\nlet x = Mouth;\nx.chocolate(); // error: no method named `chocolate` found for type `Mouth`\n               //        in the current scope\n```\n\nIn this case, you need to implement the `chocolate` method to fix the error:\n\n```\nstruct Mouth;\n\nimpl Mouth {\n    fn chocolate(&self) { // We implement the `chocolate` method here.\n        println!(\"Hmmm! I love chocolate!\");\n    }\n}\n\nlet x = Mouth;\nx.chocolate(); // ok!\n```\n"},"level":"error","spans":[{"file_name":"src\\main.rs","byte_start":858,"byte_end":867,"line_start":31,"line_end":31,"column_start":23,"column_end":32,"is_primary":true,"text":[{"text":"    match inputReader.read_line(&mut input) {","highlight_start":23,"highlight_end":32}],"label":"method not found in `StdinLock<'static>`","suggested_replacement":null,"suggestion_applicability":null,"expansion":null},{"file_name":"C:\\Users\\jacob\\.rustup\\toolchains\\stable-x86_64-pc-windows-msvc\\lib/rustlib/src/rust\\library\\std\\src\\io\\mod.rs","byte_start":90581,"byte_end":90590,"line_start":2587,"line_end":2587,"column_start":8,"column_end":17,"is_primary":false,"text":[{"text":"    fn read_line(&mut self, buf: &mut String) -> Result<usize> {","highlight_start":8,"highlight_end":17}],"label":"the method is available for `StdinLock<'static>` here","suggested_replacement":null,"suggestion_applicability":null,"expansion":null}],"children":[{"message":"items from traits can only be used if the trait is in scope","code":null,"level":"help","spans":[],"children":[],"rendered":null},{"message":"trait `BufRead` which provides `read_line` is implemented but not in scope; perhaps you want to import it","code":null,"level":"help","spans":[{"file_name":"src\\main.rs","byte_start":16,"byte_end":16,"line_start":2,"line_end":2,"column_start":1,"column_end":1,"is_primary":true,"text":[{"text":"mod Core {","highlight_start":1,"highlight_end":1}],"label":null,"suggested_replacement":"use std::io::BufRead;\n","suggestion_applicability":"MaybeIncorrect","expansion":null}],"children":[],"rendered":null}],"rendered":"\u001b[1m\u001b[91merror[E0599]\u001b[0m\u001b[1m\u001b[97m: no method named `read_line` found for struct `StdinLock<'a>` in the current scope\u001b[0m\n    \u001b[1m\u001b[96m--> \u001b[0msrc\\main.rs:31:23\n     \u001b[1m\u001b[96m|\u001b[0m\n  \u001b[1m\u001b[96m31\u001b[0m \u001b[1m\u001b[96m|\u001b[0m     match inputReader.read_line(&mut input) {\n     \u001b[1m\u001b[96m|\u001b[0m                       \u001b[1m\u001b[91m^^^^^^^^^\u001b[0m \u001b[1m\u001b[91mmethod not found in `StdinLock<'static>`\u001b[0m\n     \u001b[1m\u001b[96m|\u001b[0m\n    \u001b[1m\u001b[96m::: \u001b[0mC:\\Users\\jacob\\.rustup\\toolchains\\stable-x86_64-pc-windows-msvc\\lib/rustlib/src/rust\\library\\std\\src\\io\\mod.rs:2587:8\n     \u001b[1m\u001b[96m|\u001b[0m\n\u001b[1m\u001b[96m2587\u001b[0m \u001b[1m\u001b[96m|\u001b[0m     fn read_line(&mut self, buf: &mut String) -> Result<usize> {\n     \u001b[1m\u001b[96m|\u001b[0m        \u001b[1m\u001b[96m---------\u001b[0m \u001b[1m\u001b[96mthe method is available for `StdinLock<'static>` here\u001b[0m\n     \u001b[1m\u001b[96m|\u001b[0m\n     \u001b[1m\u001b[96m= \u001b[0m\u001b[1m\u001b[97mhelp\u001b[0m: items from traits can only be used if the trait is in scope\n\u001b[1m\u001b[96mhelp\u001b[0m: trait `BufRead` which provides `read_line` is implemented but not in scope; perhaps you want to import it\n     \u001b[1m\u001b[96m|\u001b[0m\n   \u001b[1m\u001b[96m2\u001b[0m \u001b[92m+ use std::io::BufRead;\u001b[0m\n     \u001b[1m\u001b[96m|\u001b[0m\n\n"}
{"$message_type":"diagnostic","message":"aborting due to 3 previous errors; 2 warnings emitted","code":null,"level":"error","spans":[],"children":[],"rendered":"\u001b[1m\u001b[91merror\u001b[0m\u001b[1m\u001b[97m: aborting due to 3 previous errors; 2 warnings emitted\u001b[0m\n\n"}
{"$message_type":"diagnostic","message":"Some errors have detailed explanations: E0277, E0425, E0599.","code":null,"level":"failure-note","spans":[],"children":[],"rendered":"\u001b[1m\u001b[97mSome errors have detailed explanations: E0277, E0425, E0599.\u001b[0m\n"}
{"$message_type":"diagnostic","message":"For more information about an error, try `rustc --explain E0277`.","code":null,"level":"failure-note","spans":[],"children":[],"rendered":"\u001b[1m\u001b[97mFor more information about an error, try `rustc --explain E0277`.\u001b[0m\n"}
